Build started 7/31/2015 8:04:16 PM.
     1>Project "\\psf\Home\Downloads\carnivores-src_minorenhanced_build\engine\engine.vcxproj" on node 2 (Build target(s)).
     1>ClCompile:
         C:\Program Files\Microsoft Visual Studio 12.0\VC\bin\CL.exe /c /Zi /nologo /W3 /WX- /O2 /Ob1 /Oy /D WIN32 /D NDEBUG /D _WINDOWS /D _d3d /D _VC80_UPGRADE=0x0700 /D _MBCS /GF /Gm- /EHsc /MT /GS /Gy /fp:precise /Zc:wchar_t /Zc:forScope /Fo"Release_C2_D3D\\" /Fd"Release_C2_D3D\vc120.pdb" /Gd /TP /analyze- /errorReport:prompt Audio_DLL.cpp CE_AI.cpp CE_Characters.cpp CE_EnhancedSound.cpp CE_Game.cpp CE_Hunt.cpp CE_Interface.cpp CE_messageconsole.cpp CE_Network.cpp CE_Render3DFX.cpp CE_RenderD3D.cpp CE_RenderDX9.cpp CE_RenderSoft.cpp CE_Resources.cpp CE_vehicle.cpp IrrXML1.2\irrXML.cpp mathematics.cpp xmlParser.cpp
         Audio_DLL.cpp
         CE_AI.cpp
     1>CE_AI.cpp(49): warning C4244: '-=' : conversion from 'double' to 'float', possible loss of data
         CE_Characters.cpp
     1>CE_Characters.cpp(3653): warning C4244: '-=' : conversion from 'double' to 'float', possible loss of data
     1>CE_Characters.cpp(5185): warning C4305: '-=' : truncation from 'double' to 'float'
     1>CE_Characters.cpp(5190): warning C4305: '-=' : truncation from 'double' to 'float'
     1>CE_Characters.cpp(5194): warning C4305: '-=' : truncation from 'double' to 'float'
     1>CE_Characters.cpp(5197): warning C4305: '-=' : truncation from 'double' to 'float'
     1>CE_Characters.cpp(5226): warning C4244: 'argument' : conversion from 'float' to 'int', possible loss of data
     1>CE_Characters.cpp(5227): warning C4244: 'argument' : conversion from 'float' to 'int', possible loss of data
     1>CE_Characters.cpp(5228): warning C4244: 'argument' : conversion from 'float' to 'int', possible loss of data
     1>CE_Characters.cpp(5229): warning C4244: 'argument' : conversion from 'float' to 'int', possible loss of data
     1>CE_Characters.cpp(5233): warning C4244: 'argument' : conversion from 'float' to 'int', possible loss of data
     1>CE_Characters.cpp(5234): warning C4244: 'argument' : conversion from 'float' to 'int', possible loss of data
     1>CE_Characters.cpp(5247): warning C4244: 'argument' : conversion from 'float' to 'int', possible loss of data
     1>CE_Characters.cpp(5248): warning C4244: 'argument' : conversion from 'float' to 'int', possible loss of data
     1>CE_Characters.cpp(7589): warning C4996: 'sprintf': This function or variable may be unsafe. Consider using sprintf_s instead. To disable deprecation, use _CRT_SECURE_NO_WARNINGS. See online help for details.
                 C:\Program Files\Microsoft Visual Studio 12.0\VC\include\stdio.h(356) : see declaration of 'sprintf'
     1>CE_Characters.cpp(7614): warning C4244: '-=' : conversion from 'double' to 'float', possible loss of data
         CE_EnhancedSound.cpp
         CE_Game.cpp
     1>CE_Game.cpp(392): warning C4996: 'strcpy': This function or variable may be unsafe. Consider using strcpy_s instead. To disable deprecation, use _CRT_SECURE_NO_WARNINGS. See online help for details.
                 C:\Program Files\Microsoft Visual Studio 12.0\VC\include\string.h(112) : see declaration of 'strcpy'
         CE_Hunt.cpp
     1>CE_Hunt.cpp(391): warning C4244: 'argument' : conversion from 'int' to 'float', possible loss of data
     1>CE_Hunt.cpp(530): warning C4305: '=' : truncation from 'double' to 'float'
     1>CE_Hunt.cpp(550): warning C4305: '=' : truncation from 'double' to 'float'
     1>CE_Hunt.cpp(667): warning C4244: 'argument' : conversion from 'int' to 'float', possible loss of data
     1>CE_Hunt.cpp(670): warning C4244: 'argument' : conversion from 'int' to 'float', possible loss of data
     1>CE_Hunt.cpp(686): warning C4305: '=' : truncation from 'double' to 'float'
     1>CE_Hunt.cpp(692): warning C4244: 'argument' : conversion from 'int' to 'float', possible loss of data
     1>CE_Hunt.cpp(738): warning C4244: 'argument' : conversion from 'int' to 'float', possible loss of data
     1>CE_Hunt.cpp(751): warning C4244: '-=' : conversion from 'float' to 'int', possible loss of data
     1>CE_Hunt.cpp(762): warning C4305: '+=' : truncation from 'double' to 'float'
     1>CE_Hunt.cpp(765): warning C4305: '-=' : truncation from 'double' to 'float'
     1>CE_Hunt.cpp(989): warning C4996: 'sprintf': This function or variable may be unsafe. Consider using sprintf_s instead. To disable deprecation, use _CRT_SECURE_NO_WARNINGS. See online help for details.
                 C:\Program Files\Microsoft Visual Studio 12.0\VC\include\stdio.h(356) : see declaration of 'sprintf'
     1>CE_Hunt.cpp(1213): warning C4244: '=' : conversion from 'double' to 'int', possible loss of data
     1>CE_Hunt.cpp(2229): warning C4996: 'strcpy': This function or variable may be unsafe. Consider using strcpy_s instead. To disable deprecation, use _CRT_SECURE_NO_WARNINGS. See online help for details.
                 C:\Program Files\Microsoft Visual Studio 12.0\VC\include\string.h(112) : see declaration of 'strcpy'
         CE_Interface.cpp
     1>CE_Interface.cpp(166): warning C4996: 'strcpy': This function or variable may be unsafe. Consider using strcpy_s instead. To disable deprecation, use _CRT_SECURE_NO_WARNINGS. See online help for details.
                 C:\Program Files\Microsoft Visual Studio 12.0\VC\include\string.h(112) : see declaration of 'strcpy'
         CE_messageconsole.cpp
     1>CE_messageconsole.cpp(153): warning C4244: '=' : conversion from 'double' to 'int', possible loss of data
         CE_Network.cpp
     1>CE_Network.cpp(223): warning C4800: 'RakNet::ConnectionAttemptResult' : forcing value to bool 'true' or 'false' (performance warning)
     1>CE_Network.cpp(227): warning C4996: 'sprintf': This function or variable may be unsafe. Consider using sprintf_s instead. To disable deprecation, use _CRT_SECURE_NO_WARNINGS. See online help for details.
                 C:\Program Files\Microsoft Visual Studio 12.0\VC\include\stdio.h(356) : see declaration of 'sprintf'
     1>CE_Network.cpp(472): warning C4244: 'argument' : conversion from 'float' to 'int', possible loss of data
     1>CE_Network.cpp(593): warning C4800: 'uint32_t' : forcing value to bool 'true' or 'false' (performance warning)
         CE_Render3DFX.cpp
         CE_RenderD3D.cpp
     1>CE_RenderD3D.cpp(749): warning C4996: 'strcpy': This function or variable may be unsafe. Consider using strcpy_s instead. To disable deprecation, use _CRT_SECURE_NO_WARNINGS. See online help for details.
                 C:\Program Files\Microsoft Visual Studio 12.0\VC\include\string.h(112) : see declaration of 'strcpy'
     1>CE_RenderD3D.cpp(750): warning C4996: 'strcpy': This function or variable may be unsafe. Consider using strcpy_s instead. To disable deprecation, use _CRT_SECURE_NO_WARNINGS. See online help for details.
                 C:\Program Files\Microsoft Visual Studio 12.0\VC\include\string.h(112) : see declaration of 'strcpy'
     1>CE_RenderD3D.cpp(1915): warning C4996: 'sprintf': This function or variable may be unsafe. Consider using sprintf_s instead. To disable deprecation, use _CRT_SECURE_NO_WARNINGS. See online help for details.
                 C:\Program Files\Microsoft Visual Studio 12.0\VC\include\stdio.h(356) : see declaration of 'sprintf'
     1>CE_RenderD3D.cpp(1917): warning C4996: 'sprintf': This function or variable may be unsafe. Consider using sprintf_s instead. To disable deprecation, use _CRT_SECURE_NO_WARNINGS. See online help for details.
                 C:\Program Files\Microsoft Visual Studio 12.0\VC\include\stdio.h(356) : see declaration of 'sprintf'
     1>CE_RenderD3D.cpp(1923): warning C4996: 'sprintf': This function or variable may be unsafe. Consider using sprintf_s instead. To disable deprecation, use _CRT_SECURE_NO_WARNINGS. See online help for details.
                 C:\Program Files\Microsoft Visual Studio 12.0\VC\include\stdio.h(356) : see declaration of 'sprintf'
     1>CE_RenderD3D.cpp(1925): warning C4996: 'sprintf': This function or variable may be unsafe. Consider using sprintf_s instead. To disable deprecation, use _CRT_SECURE_NO_WARNINGS. See online help for details.
                 C:\Program Files\Microsoft Visual Studio 12.0\VC\include\stdio.h(356) : see declaration of 'sprintf'
     1>CE_RenderD3D.cpp(1940): warning C4996: 'sprintf': This function or variable may be unsafe. Consider using sprintf_s instead. To disable deprecation, use _CRT_SECURE_NO_WARNINGS. See online help for details.
                 C:\Program Files\Microsoft Visual Studio 12.0\VC\include\stdio.h(356) : see declaration of 'sprintf'
     1>CE_RenderD3D.cpp(1941): warning C4996: 'sprintf': This function or variable may be unsafe. Consider using sprintf_s instead. To disable deprecation, use _CRT_SECURE_NO_WARNINGS. See online help for details.
                 C:\Program Files\Microsoft Visual Studio 12.0\VC\include\stdio.h(356) : see declaration of 'sprintf'
     1>CE_RenderD3D.cpp(1988): warning C4996: 'sprintf': This function or variable may be unsafe. Consider using sprintf_s instead. To disable deprecation, use _CRT_SECURE_NO_WARNINGS. See online help for details.
                 C:\Program Files\Microsoft Visual Studio 12.0\VC\include\stdio.h(356) : see declaration of 'sprintf'
     1>CE_RenderD3D.cpp(1989): warning C4996: 'sprintf': This function or variable may be unsafe. Consider using sprintf_s instead. To disable deprecation, use _CRT_SECURE_NO_WARNINGS. See online help for details.
                 C:\Program Files\Microsoft Visual Studio 12.0\VC\include\stdio.h(356) : see declaration of 'sprintf'
     1>CE_RenderD3D.cpp(1995): warning C4996: 'sprintf': This function or variable may be unsafe. Consider using sprintf_s instead. To disable deprecation, use _CRT_SECURE_NO_WARNINGS. See online help for details.
                 C:\Program Files\Microsoft Visual Studio 12.0\VC\include\stdio.h(356) : see declaration of 'sprintf'
     1>CE_RenderD3D.cpp(1996): warning C4996: 'sprintf': This function or variable may be unsafe. Consider using sprintf_s instead. To disable deprecation, use _CRT_SECURE_NO_WARNINGS. See online help for details.
                 C:\Program Files\Microsoft Visual Studio 12.0\VC\include\stdio.h(356) : see declaration of 'sprintf'
     1>CE_RenderD3D.cpp(5730): warning C4244: '=' : conversion from 'float' to 'int', possible loss of data
         CE_RenderDX9.cpp
         CE_RenderSoft.cpp
         CE_Resources.cpp
     1>CE_Resources.cpp(2011): warning C4996: 'strcpy': This function or variable may be unsafe. Consider using strcpy_s instead. To disable deprecation, use _CRT_SECURE_NO_WARNINGS. See online help for details.
                 C:\Program Files\Microsoft Visual Studio 12.0\VC\include\string.h(112) : see declaration of 'strcpy'
     1>CE_Resources.cpp(2017): warning C4996: 'strcpy': This function or variable may be unsafe. Consider using strcpy_s instead. To disable deprecation, use _CRT_SECURE_NO_WARNINGS. See online help for details.
                 C:\Program Files\Microsoft Visual Studio 12.0\VC\include\string.h(112) : see declaration of 'strcpy'
     1>CE_Resources.cpp(2022): warning C4996: 'strcpy': This function or variable may be unsafe. Consider using strcpy_s instead. To disable deprecation, use _CRT_SECURE_NO_WARNINGS. See online help for details.
                 C:\Program Files\Microsoft Visual Studio 12.0\VC\include\string.h(112) : see declaration of 'strcpy'
     1>CE_Resources.cpp(2027): warning C4996: 'strcpy': This function or variable may be unsafe. Consider using strcpy_s instead. To disable deprecation, use _CRT_SECURE_NO_WARNINGS. See online help for details.
                 C:\Program Files\Microsoft Visual Studio 12.0\VC\include\string.h(112) : see declaration of 'strcpy'
     1>CE_Resources.cpp(2078): warning C4996: 'strcpy': This function or variable may be unsafe. Consider using strcpy_s instead. To disable deprecation, use _CRT_SECURE_NO_WARNINGS. See online help for details.
                 C:\Program Files\Microsoft Visual Studio 12.0\VC\include\string.h(112) : see declaration of 'strcpy'
     1>CE_Resources.cpp(2136): warning C4996: 'strcpy': This function or variable may be unsafe. Consider using strcpy_s instead. To disable deprecation, use _CRT_SECURE_NO_WARNINGS. See online help for details.
                 C:\Program Files\Microsoft Visual Studio 12.0\VC\include\string.h(112) : see declaration of 'strcpy'
     1>CE_Resources.cpp(2141): warning C4996: 'strcpy': This function or variable may be unsafe. Consider using strcpy_s instead. To disable deprecation, use _CRT_SECURE_NO_WARNINGS. See online help for details.
                 C:\Program Files\Microsoft Visual Studio 12.0\VC\include\string.h(112) : see declaration of 'strcpy'
     1>CE_Resources.cpp(2146): warning C4996: 'strcpy': This function or variable may be unsafe. Consider using strcpy_s instead. To disable deprecation, use _CRT_SECURE_NO_WARNINGS. See online help for details.
                 C:\Program Files\Microsoft Visual Studio 12.0\VC\include\string.h(112) : see declaration of 'strcpy'
     1>CE_Resources.cpp(2151): warning C4996: 'strcpy': This function or variable may be unsafe. Consider using strcpy_s instead. To disable deprecation, use _CRT_SECURE_NO_WARNINGS. See online help for details.
                 C:\Program Files\Microsoft Visual Studio 12.0\VC\include\string.h(112) : see declaration of 'strcpy'
     1>CE_Resources.cpp(2248): warning C4996: 'strcpy': This function or variable may be unsafe. Consider using strcpy_s instead. To disable deprecation, use _CRT_SECURE_NO_WARNINGS. See online help for details.
                 C:\Program Files\Microsoft Visual Studio 12.0\VC\include\string.h(112) : see declaration of 'strcpy'
     1>CE_Resources.cpp(2253): warning C4996: 'strcpy': This function or variable may be unsafe. Consider using strcpy_s instead. To disable deprecation, use _CRT_SECURE_NO_WARNINGS. See online help for details.
                 C:\Program Files\Microsoft Visual Studio 12.0\VC\include\string.h(112) : see declaration of 'strcpy'
     1>CE_Resources.cpp(2258): warning C4996: 'strcpy': This function or variable may be unsafe. Consider using strcpy_s instead. To disable deprecation, use _CRT_SECURE_NO_WARNINGS. See online help for details.
                 C:\Program Files\Microsoft Visual Studio 12.0\VC\include\string.h(112) : see declaration of 'strcpy'
     1>CE_Resources.cpp(2273): warning C4996: 'fopen': This function or variable may be unsafe. Consider using fopen_s instead. To disable deprecation, use _CRT_SECURE_NO_WARNINGS. See online help for details.
                 C:\Program Files\Microsoft Visual Studio 12.0\VC\include\stdio.h(211) : see declaration of 'fopen'
     1>CE_Resources.cpp(2292): warning C4996: 'fopen': This function or variable may be unsafe. Consider using fopen_s instead. To disable deprecation, use _CRT_SECURE_NO_WARNINGS. See online help for details.
                 C:\Program Files\Microsoft Visual Studio 12.0\VC\include\stdio.h(211) : see declaration of 'fopen'
         CE_vehicle.cpp
         irrXML.cpp
     1>IrrXML1.2\irrXML.cpp(26): warning C4996: 'fopen': This function or variable may be unsafe. Consider using fopen_s instead. To disable deprecation, use _CRT_SECURE_NO_WARNINGS. See online help for details.
                 C:\Program Files\Microsoft Visual Studio 12.0\VC\include\stdio.h(211) : see declaration of 'fopen'
         mathematics.cpp
         xmlParser.cpp
         Generating Code...
       ResourceCompile:
         C:\Program Files\Windows Kits\8.1\bin\x86\rc.exe /D _VC80_UPGRADE=0x0700 /l"0x0409" /nologo /fo"Release_C2_D3D\resource.res" resource.rc 
     1>C:\Program Files\MSBuild\Microsoft.Cpp\v4.0\V120\Microsoft.CppBuild.targets(1193,5): warning MSB8012: TargetPath(\\psf\Home\Downloads\carnivores-src_minorenhanced_build\engine\Release_C2_D3D\engine.exe) does not match the Linker's OutputFile property value (\\psf\Home\Downloads\carnivores-src_minorenhanced_build\Release_C2\V_D3D.REN). This may cause your project to build incorrectly. To correct this, please make sure that $(OutDir), $(TargetName) and $(TargetExt) property values match the value specified in %(Link.OutputFile).
     1>C:\Program Files\MSBuild\Microsoft.Cpp\v4.0\V120\Microsoft.CppBuild.targets(1194,5): warning MSB8012: TargetExt(.exe) does not match the Linker's OutputFile property value (.REN). This may cause your project to build incorrectly. To correct this, please make sure that $(OutDir), $(TargetName) and $(TargetExt) property values match the value specified in %(Link.OutputFile).
     1>C:\Program Files\MSBuild\Microsoft.Cpp\v4.0\V120\Microsoft.CppBuild.targets(1195,5): warning MSB8012: TargetName(engine) does not match the Linker's OutputFile property value (V_D3D). This may cause your project to build incorrectly. To correct this, please make sure that $(OutDir), $(TargetName) and $(TargetExt) property values match the value specified in %(Link.OutputFile).
       Link:
         C:\Program Files\Microsoft Visual Studio 12.0\VC\bin\link.exe /ERRORREPORT:PROMPT /OUT:"../Release_C2/V_D3D.REN" /INCREMENTAL:NO /NOLOGO ddraw.lib winmm.lib kernel32.lib user32.lib gdi32.lib winspool.lib comdlg32.lib advapi32.lib shell32.lib ole32.lib oleaut32.lib uuid.lib odbc32.lib odbccp32.lib /MANIFEST /MANIFESTUAC:"level='asInvoker' uiAccess='false'" /manifest:embed /PDB:"Release_C2_D3D\engine.pdb" /SUBSYSTEM:WINDOWS /OPT:REF /OPT:ICF /TLBID:1 /DYNAMICBASE:NO /IMPLIB:"Release_C2_D3D\engine.lib" /MACHINE:X86 /SAFESEH Release_C2_D3D\resource.res
         Release_C2_D3D\Audio_DLL.obj
         Release_C2_D3D\CE_AI.obj
         Release_C2_D3D\CE_Characters.obj
         Release_C2_D3D\CE_EnhancedSound.obj
         Release_C2_D3D\CE_Game.obj
         Release_C2_D3D\CE_Hunt.obj
         Release_C2_D3D\CE_Interface.obj
         Release_C2_D3D\CE_messageconsole.obj
         Release_C2_D3D\CE_Network.obj
         Release_C2_D3D\CE_Render3DFX.obj
         Release_C2_D3D\CE_RenderD3D.obj
         Release_C2_D3D\CE_RenderDX9.obj
         Release_C2_D3D\CE_RenderSoft.obj
         Release_C2_D3D\CE_Resources.obj
         Release_C2_D3D\CE_vehicle.obj
         Release_C2_D3D\irrXML.obj
         Release_C2_D3D\mathematics.obj
         Release_C2_D3D\xmlParser.obj
     1>CE_Network.obj : error LNK2019: unresolved external symbol "public: __thiscall RakNet::SocketDescriptor::SocketDescriptor(void)" (??0SocketDescriptor@RakNet@@QAE@XZ) referenced in function "void __cdecl InitNetwork(void)" (?InitNetwork@@YAXXZ)
     1>CE_Network.obj : error LNK2019: unresolved external symbol "public: __thiscall RakNet::SocketDescriptor::SocketDescriptor(unsigned short,char const *)" (??0SocketDescriptor@RakNet@@QAE@GPBD@Z) referenced in function "void __cdecl InitNetwork(void)" (?InitNetwork@@YAXXZ)
     1>CE_Network.obj : error LNK2019: unresolved external symbol "public: __thiscall RakNet::SystemAddress::SystemAddress(void)" (??0SystemAddress@RakNet@@QAE@XZ) referenced in function "public: __thiscall RakNet::AddressOrGUID::AddressOrGUID(struct RakNet::SystemAddress const &)" (??0AddressOrGUID@RakNet@@QAE@ABUSystemAddress@1@@Z)
     1>CE_Network.obj : error LNK2019: unresolved external symbol "public: struct RakNet::SystemAddress & __thiscall RakNet::SystemAddress::operator=(struct RakNet::SystemAddress const &)" (??4SystemAddress@RakNet@@QAEAAU01@ABU01@@Z) referenced in function "public: __thiscall RakNet::AddressOrGUID::AddressOrGUID(struct RakNet::SystemAddress const &)" (??0AddressOrGUID@RakNet@@QAE@ABUSystemAddress@1@@Z)
     1>CE_Network.obj : error LNK2019: unresolved external symbol "public: __thiscall RakNet::RakNetGUID::RakNetGUID(void)" (??0RakNetGUID@RakNet@@QAE@XZ) referenced in function "public: __thiscall RakNet::AddressOrGUID::AddressOrGUID(struct RakNet::SystemAddress const &)" (??0AddressOrGUID@RakNet@@QAE@ABUSystemAddress@1@@Z)
     1>CE_Network.obj : error LNK2019: unresolved external symbol "public: static class RakNet::RakPeerInterface * __cdecl RakNet::RakPeerInterface::GetInstance(void)" (?GetInstance@RakPeerInterface@RakNet@@SAPAV12@XZ) referenced in function "void __cdecl InitNetwork(void)" (?InitNetwork@@YAXXZ)
     1>CE_Network.obj : error LNK2019: unresolved external symbol "public: static void __cdecl RakNet::RakPeerInterface::DestroyInstance(class RakNet::RakPeerInterface *)" (?DestroyInstance@RakPeerInterface@RakNet@@SAXPAV12@@Z) referenced in function "void __cdecl DestroyNetwork(void)" (?DestroyNetwork@@YAXXZ)
     1>CE_Network.obj : error LNK2019: unresolved external symbol "public: __thiscall RakNet::BitStream::BitStream(void)" (??0BitStream@RakNet@@QAE@XZ) referenced in function "void __cdecl NetSendElementPacket(float,float,float,int,int)" (?NetSendElementPacket@@YAXMMMHH@Z)
     1>CE_Network.obj : error LNK2019: unresolved external symbol "public: __thiscall RakNet::BitStream::BitStream(unsigned char *,unsigned int,bool)" (??0BitStream@RakNet@@QAE@PAEI_N@Z) referenced in function "bool __cdecl ConnectToServer(char *)" (?ConnectToServer@@YA_NPAD@Z)
     1>CE_Network.obj : error LNK2019: unresolved external symbol "public: __thiscall RakNet::BitStream::~BitStream(void)" (??1BitStream@RakNet@@QAE@XZ) referenced in function "bool __cdecl ConnectToServer(char *)" (?ConnectToServer@@YA_NPAD@Z)
     1>CE_Network.obj : error LNK2019: unresolved external symbol "public: void __thiscall RakNet::BitStream::WriteBits(unsigned char const *,unsigned int,bool)" (?WriteBits@BitStream@RakNet@@QAEXPBEI_N@Z) referenced in function "public: void __thiscall RakNet::BitStream::Write<struct ElementPacket>(struct ElementPacket const &)" (??$Write@UElementPacket@@@BitStream@RakNet@@QAEXABUElementPacket@@@Z)
     1>CE_Network.obj : error LNK2019: unresolved external symbol "public: bool __thiscall RakNet::BitStream::ReadBits(unsigned char *,unsigned int,bool)" (?ReadBits@BitStream@RakNet@@QAE_NPAEI_N@Z) referenced in function "public: bool __thiscall RakNet::BitStream::Read<struct ElementPacket>(struct ElementPacket &)" (??$Read@UElementPacket@@@BitStream@RakNet@@QAE_NAAUElementPacket@@@Z)
     1>CE_Network.obj : error LNK2019: unresolved external symbol "public: static bool __cdecl RakNet::BitStream::IsNetworkOrderInternal(void)" (?IsNetworkOrderInternal@BitStream@RakNet@@SA_NXZ) referenced in function "public: bool __thiscall RakNet::BitStream::Read<struct ElementPacket>(struct ElementPacket &)" (??$Read@UElementPacket@@@BitStream@RakNet@@QAE_NAAUElementPacket@@@Z)
     1>CE_Network.obj : error LNK2019: unresolved external symbol "public: static void __cdecl RakNet::BitStream::ReverseBytes(unsigned char *,unsigned char *,unsigned int)" (?ReverseBytes@BitStream@RakNet@@SAXPAE0I@Z) referenced in function "public: bool __thiscall RakNet::BitStream::Read<struct ElementPacket>(struct ElementPacket &)" (??$Read@UElementPacket@@@BitStream@RakNet@@QAE_NAAUElementPacket@@@Z)
     1>../Release_C2/V_D3D.REN : fatal error LNK1120: 14 unresolved externals
     1>Done Building Project "\\psf\Home\Downloads\carnivores-src_minorenhanced_build\engine\engine.vcxproj" (Build target(s)) -- FAILED.

Build FAILED.

Time Elapsed 00:00:09.60
