\\psf\home\downloads\carnivores-src_minorenhanced_build\engine\release_c2_d3d\vc120.pdb
\\psf\home\downloads\carnivores-src_minorenhanced_build\engine\release_c2_d3d\c2character.obj
\\psf\home\downloads\carnivores-src_minorenhanced_build\engine\release_c2_d3d\c2animatablemodel.obj
\\psf\home\downloads\carnivores-src_minorenhanced_build\engine\release_c2_d3d\ce_vehicle.obj
\\psf\home\downloads\carnivores-src_minorenhanced_build\engine\release_c2_d3d\ce_resources.obj
\\psf\home\downloads\carnivores-src_minorenhanced_build\engine\release_c2_d3d\ce_rendersoft.obj
\\psf\home\downloads\carnivores-src_minorenhanced_build\engine\release_c2_d3d\ce_renderdx9.obj
\\psf\home\downloads\carnivores-src_minorenhanced_build\engine\release_c2_d3d\ce_renderd3d.obj
\\psf\home\downloads\carnivores-src_minorenhanced_build\engine\release_c2_d3d\ce_render3dfx.obj
\\psf\home\downloads\carnivores-src_minorenhanced_build\engine\release_c2_d3d\ce_network.obj
\\psf\home\downloads\carnivores-src_minorenhanced_build\engine\release_c2_d3d\ce_messageconsole.obj
\\psf\home\downloads\carnivores-src_minorenhanced_build\engine\release_c2_d3d\ce_interface.obj
\\psf\home\downloads\carnivores-src_minorenhanced_build\engine\release_c2_d3d\ce_hunt.obj
\\psf\home\downloads\carnivores-src_minorenhanced_build\engine\release_c2_d3d\ce_game.obj
\\psf\home\downloads\carnivores-src_minorenhanced_build\engine\release_c2_d3d\ce_enhancedsound.obj
\\psf\home\downloads\carnivores-src_minorenhanced_build\engine\release_c2_d3d\ce_characters.obj
\\psf\home\downloads\carnivores-src_minorenhanced_build\engine\release_c2_d3d\ce_artificialintelligence.obj
\\psf\home\downloads\carnivores-src_minorenhanced_build\engine\release_c2_d3d\ce_ai.obj
\\psf\home\downloads\carnivores-src_minorenhanced_build\engine\release_c2_d3d\c2huntablecharacter.obj
\\psf\home\downloads\carnivores-src_minorenhanced_build\engine\release_c2_d3d\c2charactercollection.obj
\\psf\home\downloads\carnivores-src_minorenhanced_build\engine\release_c2_d3d\audio_dll.obj
\\psf\home\downloads\carnivores-src_minorenhanced_build\engine\release_c2_d3d\xmlparser.obj
\\psf\home\downloads\carnivores-src_minorenhanced_build\engine\release_c2_d3d\mathematics.obj
\\psf\home\downloads\carnivores-src_minorenhanced_build\engine\release_c2_d3d\irrxml.obj
\\psf\home\downloads\carnivores-src_minorenhanced_build\engine\release_c2_d3d\ce_allosaurus.obj
\\psf\home\downloads\carnivores-src_minorenhanced_build\engine\release_c2_d3d\resource.res
\\psf\home\downloads\carnivores-src_minorenhanced_build\engine\release_c2_d3d\engine.pdb
\\psf\home\downloads\carnivores-src_minorenhanced_build\engine\release_c2_d3d\engine.tlog\cl.command.1.tlog
\\psf\home\downloads\carnivores-src_minorenhanced_build\engine\release_c2_d3d\engine.tlog\cl.read.1.tlog
\\psf\home\downloads\carnivores-src_minorenhanced_build\engine\release_c2_d3d\engine.tlog\cl.write.1.tlog
\\psf\home\downloads\carnivores-src_minorenhanced_build\engine\release_c2_d3d\engine.tlog\link-cvtres.read.1.tlog
\\psf\home\downloads\carnivores-src_minorenhanced_build\engine\release_c2_d3d\engine.tlog\link-cvtres.write.1.tlog
\\psf\home\downloads\carnivores-src_minorenhanced_build\engine\release_c2_d3d\engine.tlog\link-rc.read.1.tlog
\\psf\home\downloads\carnivores-src_minorenhanced_build\engine\release_c2_d3d\engine.tlog\link-rc.write.1.tlog
\\psf\home\downloads\carnivores-src_minorenhanced_build\engine\release_c2_d3d\engine.tlog\link.command.1.tlog
\\psf\home\downloads\carnivores-src_minorenhanced_build\engine\release_c2_d3d\engine.tlog\link.read.1.tlog
\\psf\home\downloads\carnivores-src_minorenhanced_build\engine\release_c2_d3d\engine.tlog\link.write.1.tlog
\\psf\home\downloads\carnivores-src_minorenhanced_build\engine\release_c2_d3d\engine.tlog\rc.command.1.tlog
\\psf\home\downloads\carnivores-src_minorenhanced_build\engine\release_c2_d3d\engine.tlog\rc.read.1.tlog
\\psf\home\downloads\carnivores-src_minorenhanced_build\engine\release_c2_d3d\engine.tlog\rc.write.1.tlog
