\\psf\home\downloads\carnivores-src_minorenhanced_build\engine\release_c2_soft\vc120.pdb
\\psf\home\downloads\carnivores-src_minorenhanced_build\engine\release_c2_soft\vc120.idb
\\psf\home\downloads\carnivores-src_minorenhanced_build\engine\release_c2_soft\xmlparser.xdc
\\psf\home\downloads\carnivores-src_minorenhanced_build\engine\release_c2_soft\mathematics.xdc
\\psf\home\downloads\carnivores-src_minorenhanced_build\engine\release_c2_soft\irrxml.xdc
\\psf\home\downloads\carnivores-src_minorenhanced_build\engine\release_c2_soft\ce_vehicle.xdc
\\psf\home\downloads\carnivores-src_minorenhanced_build\engine\release_c2_soft\ce_resources.xdc
\\psf\home\downloads\carnivores-src_minorenhanced_build\engine\release_c2_soft\ce_rendersoft.xdc
\\psf\home\downloads\carnivores-src_minorenhanced_build\engine\release_c2_soft\ce_renderdx9.xdc
\\psf\home\downloads\carnivores-src_minorenhanced_build\engine\release_c2_soft\ce_renderd3d.xdc
\\psf\home\downloads\carnivores-src_minorenhanced_build\engine\release_c2_soft\ce_render3dfx.xdc
\\psf\home\downloads\carnivores-src_minorenhanced_build\engine\release_c2_soft\ce_network.xdc
\\psf\home\downloads\carnivores-src_minorenhanced_build\engine\release_c2_soft\ce_messageconsole.xdc
\\psf\home\downloads\carnivores-src_minorenhanced_build\engine\release_c2_soft\ce_interface.xdc
\\psf\home\downloads\carnivores-src_minorenhanced_build\engine\release_c2_soft\ce_hunt.xdc
\\psf\home\downloads\carnivores-src_minorenhanced_build\engine\release_c2_soft\ce_game.xdc
\\psf\home\downloads\carnivores-src_minorenhanced_build\engine\release_c2_soft\ce_enhancedsound.xdc
\\psf\home\downloads\carnivores-src_minorenhanced_build\engine\release_c2_soft\ce_characters.xdc
\\psf\home\downloads\carnivores-src_minorenhanced_build\engine\release_c2_soft\ce_ai.xdc
\\psf\home\downloads\carnivores-src_minorenhanced_build\engine\release_c2_soft\audio_dll.xdc
\\psf\home\downloads\carnivores-src_minorenhanced_build\engine\release_c2_soft\audio_dll.obj
\\psf\home\downloads\carnivores-src_minorenhanced_build\engine\release_c2_soft\ce_ai.obj
\\psf\home\downloads\carnivores-src_minorenhanced_build\engine\release_c2_soft\ce_characters.obj
\\psf\home\downloads\carnivores-src_minorenhanced_build\engine\release_c2_soft\ce_enhancedsound.obj
\\psf\home\downloads\carnivores-src_minorenhanced_build\engine\release_c2_soft\ce_game.obj
\\psf\home\downloads\carnivores-src_minorenhanced_build\engine\release_c2_soft\ce_hunt.obj
\\psf\home\downloads\carnivores-src_minorenhanced_build\engine\release_c2_soft\ce_interface.obj
\\psf\home\downloads\carnivores-src_minorenhanced_build\engine\release_c2_soft\ce_messageconsole.obj
\\psf\home\downloads\carnivores-src_minorenhanced_build\engine\release_c2_soft\ce_network.obj
\\psf\home\downloads\carnivores-src_minorenhanced_build\engine\release_c2_soft\ce_render3dfx.obj
\\psf\home\downloads\carnivores-src_minorenhanced_build\engine\release_c2_soft\ce_renderd3d.obj
\\psf\home\downloads\carnivores-src_minorenhanced_build\engine\release_c2_soft\ce_renderdx9.obj
\\psf\home\downloads\carnivores-src_minorenhanced_build\engine\release_c2_soft\ce_rendersoft.obj
\\psf\home\downloads\carnivores-src_minorenhanced_build\engine\release_c2_soft\ce_resources.obj
\\psf\home\downloads\carnivores-src_minorenhanced_build\engine\release_c2_soft\ce_vehicle.obj
\\psf\home\downloads\carnivores-src_minorenhanced_build\engine\release_c2_soft\irrxml.obj
\\psf\home\downloads\carnivores-src_minorenhanced_build\engine\release_c2_soft\mathematics.obj
\\psf\home\downloads\carnivores-src_minorenhanced_build\engine\release_c2_soft\xmlparser.obj
\\psf\home\downloads\carnivores-src_minorenhanced_build\engine\release_c2_soft\engine.xml
\\psf\home\downloads\carnivores-src_minorenhanced_build\engine\release_c2_soft\resource.res
\\psf\home\downloads\carnivores-src_minorenhanced_build\engine\release_c2_soft\engine.tlog\cl.command.1.tlog
\\psf\home\downloads\carnivores-src_minorenhanced_build\engine\release_c2_soft\engine.tlog\cl.read.1.tlog
\\psf\home\downloads\carnivores-src_minorenhanced_build\engine\release_c2_soft\engine.tlog\cl.write.1.tlog
\\psf\home\downloads\carnivores-src_minorenhanced_build\engine\release_c2_soft\engine.tlog\link.command.1.tlog
\\psf\home\downloads\carnivores-src_minorenhanced_build\engine\release_c2_soft\engine.tlog\link.read.1.tlog
\\psf\home\downloads\carnivores-src_minorenhanced_build\engine\release_c2_soft\engine.tlog\link.write.1.tlog
\\psf\home\downloads\carnivores-src_minorenhanced_build\engine\release_c2_soft\engine.tlog\rc.command.1.tlog
\\psf\home\downloads\carnivores-src_minorenhanced_build\engine\release_c2_soft\engine.tlog\rc.read.1.tlog
\\psf\home\downloads\carnivores-src_minorenhanced_build\engine\release_c2_soft\engine.tlog\rc.write.1.tlog
\\psf\home\downloads\carnivores-src_minorenhanced_build\engine\release_c2_soft\engine.tlog\xdcmake.command.1.tlog
\\psf\home\downloads\carnivores-src_minorenhanced_build\engine\release_c2_soft\engine.tlog\xdcmake.read.1.tlog
\\psf\home\downloads\carnivores-src_minorenhanced_build\engine\release_c2_soft\engine.tlog\xdcmake.write.1.tlog
